SF:lib\data\data_vos\books_vo.g.dart
DA:13,0
DA:15,0
DA:16,0
DA:17,0
DA:19,0
DA:20,0
DA:21,0
DA:22,0
DA:23,0
DA:24,0
DA:25,0
DA:26,0
DA:27,0
DA:28,0
DA:29,0
DA:30,0
DA:31,0
DA:32,0
DA:33,0
DA:34,0
DA:35,0
DA:36,0
DA:37,0
DA:38,0
DA:39,0
DA:40,0
DA:41,0
DA:42,0
DA:43,0
DA:44,0
DA:45,0
DA:46,0
DA:50,1
DA:53,1
DA:54,1
DA:55,2
DA:56,1
DA:57,2
DA:58,1
DA:59,2
DA:60,1
DA:61,2
DA:62,1
DA:63,2
DA:64,1
DA:65,2
DA:66,1
DA:67,2
DA:68,1
DA:69,2
DA:70,1
DA:71,2
DA:72,1
DA:73,2
DA:74,1
DA:75,2
DA:76,1
DA:77,2
DA:78,1
DA:79,2
DA:80,1
DA:81,2
DA:82,1
DA:83,2
DA:84,1
DA:85,2
DA:86,1
DA:87,2
DA:88,1
DA:89,2
DA:90,1
DA:91,2
DA:92,1
DA:93,2
DA:94,1
DA:95,2
DA:96,1
DA:97,2
DA:98,1
DA:99,2
DA:100,1
DA:101,2
DA:102,1
DA:103,2
DA:104,1
DA:105,2
DA:106,1
DA:107,2
DA:110,0
DA:111,0
DA:113,0
DA:116,0
DA:117,0
DA:118,0
DA:125,2
DA:126,1
DA:127,1
DA:128,1
DA:129,1
DA:130,1
DA:131,1
DA:132,1
DA:133,1
DA:134,1
DA:135,1
DA:136,1
DA:137,1
DA:138,1
DA:139,1
DA:140,1
DA:141,1
DA:142,1
DA:143,1
DA:144,1
DA:145,1
DA:146,1
DA:147,1
DA:148,1
DA:149,1
DA:150,1
DA:151,3
DA:152,1
DA:153,1
DA:154,1
DA:157,0
DA:158,0
DA:159,0
DA:160,0
DA:161,0
DA:162,0
DA:163,0
DA:164,0
DA:165,0
DA:166,0
DA:167,0
DA:168,0
DA:169,0
DA:170,0
DA:171,0
DA:172,0
DA:173,0
DA:174,0
DA:175,0
DA:176,0
DA:177,0
DA:178,0
DA:179,0
DA:180,0
DA:181,0
DA:182,0
DA:183,0
DA:184,0
LF:152
LH:86
end_of_record
SF:lib\data\data_vos\books_vo.dart
DA:118,1
DA:147,2
DA:149,0
LF:3
LH:2
end_of_record
SF:lib\data\data_vos\buy_links_vo.g.dart
DA:13,0
DA:15,0
DA:16,0
DA:17,0
DA:19,0
DA:20,0
DA:21,0
DA:25,1
DA:28,1
DA:29,1
DA:30,2
DA:31,1
DA:32,2
DA:35,0
DA:36,0
DA:38,0
DA:41,0
DA:42,0
DA:43,0
DA:50,2
DA:51,1
DA:52,1
DA:55,0
DA:56,0
DA:57,0
DA:58,0
LF:26
LH:9
end_of_record
SF:lib\data\data_vos\buy_links_vo.dart
DA:20,1
DA:22,2
DA:24,0
LF:3
LH:2
end_of_record
SF:lib\data\data_vos\shelf_vo.dart
DA:24,0
LF:1
LH:0
end_of_record
SF:lib\data\data_vos\shelf_vo.g.dart
DA:13,0
DA:15,0
DA:16,0
DA:17,0
DA:19,0
DA:20,0
DA:21,0
DA:22,0
DA:23,0
DA:27,0
DA:30,0
DA:31,0
DA:32,0
DA:33,0
DA:34,0
DA:35,0
DA:36,0
DA:37,0
DA:38,0
DA:41,0
DA:42,0
DA:44,0
DA:47,0
DA:48,0
DA:49,0
DA:56,0
DA:57,0
DA:58,0
DA:59,0
DA:60,0
DA:61,0
DA:62,0
DA:65,0
DA:66,0
DA:67,0
DA:68,0
DA:69,0
LF:37
LH:0
end_of_record
SF:lib\main.dart
DA:12,0
DA:13,0
DA:15,0
DA:16,0
DA:17,0
DA:19,0
DA:20,0
DA:21,0
DA:25,2
DA:28,1
DA:30,1
DA:32,1
LF:12
LH:4
end_of_record
SF:lib\pages\bottom_navigation_bar_home_page.dart
DA:9,2
DA:11,1
DA:13,1
DA:26,1
DA:28,1
DA:29,1
DA:30,3
DA:31,1
DA:36,1
DA:38,1
DA:40,1
DA:41,0
DA:42,0
LF:13
LH:11
end_of_record
SF:lib\pages\home_page.dart
DA:25,2
DA:27,1
DA:28,1
DA:37,1
DA:40,2
DA:41,1
DA:44,1
DA:46,1
DA:47,2
DA:48,1
DA:49,1
DA:50,1
DA:52,1
DA:53,0
DA:54,0
DA:55,0
DA:60,1
DA:61,1
DA:62,1
DA:63,1
DA:64,2
DA:65,2
DA:67,1
DA:68,1
DA:71,1
DA:73,1
DA:74,1
DA:75,1
DA:76,1
DA:77,1
DA:78,1
DA:80,2
DA:87,1
DA:88,1
DA:89,1
DA:90,1
DA:91,1
DA:100,1
DA:101,1
DA:103,1
DA:104,1
DA:106,0
DA:107,0
DA:112,1
DA:114,0
DA:115,0
DA:120,1
DA:122,0
DA:123,0
DA:132,1
DA:133,1
DA:135,1
DA:136,1
DA:137,2
DA:138,2
DA:139,1
DA:140,1
DA:141,2
DA:143,0
DA:144,0
DA:145,1
DA:146,0
DA:147,0
DA:148,0
DA:149,0
DA:158,1
DA:159,2
DA:160,2
DA:161,1
DA:162,1
DA:163,2
DA:165,0
DA:166,0
DA:167,1
DA:168,0
DA:169,0
DA:170,0
DA:171,0
DA:180,1
DA:181,2
DA:182,2
DA:183,1
DA:184,1
DA:185,2
DA:187,0
DA:188,0
DA:189,1
DA:190,0
DA:191,0
DA:192,0
DA:193,0
DA:203,0
DA:204,0
DA:205,0
DA:206,0
DA:211,0
DA:213,0
DA:214,0
DA:215,0
DA:224,1
DA:228,1
DA:232,1
DA:234,1
DA:235,1
DA:240,1
DA:254,1
DA:259,1
DA:265,0
DA:267,0
DA:270,0
DA:271,0
DA:272,0
DA:273,0
DA:274,0
DA:275,0
DA:279,0
DA:281,0
DA:283,0
DA:285,0
DA:286,0
DA:289,0
DA:300,0
DA:301,0
DA:304,0
DA:306,0
DA:307,0
DA:308,0
DA:309,0
DA:310,0
DA:311,0
DA:312,0
DA:316,0
DA:317,0
DA:319,0
DA:324,0
DA:327,0
DA:328,0
DA:335,0
DA:338,0
DA:340,0
DA:342,0
DA:355,0
DA:358,0
DA:383,1
DA:390,1
DA:398,1
DA:400,1
DA:403,1
DA:404,1
DA:405,1
DA:406,0
DA:407,1
DA:408,1
DA:409,1
DA:412,1
DA:414,1
DA:415,1
DA:416,2
DA:417,4
DA:418,4
DA:419,1
DA:420,4
DA:421,0
DA:423,0
DA:424,0
DA:434,3
DA:435,1
DA:436,2
DA:437,3
DA:438,1
DA:443,3
DA:465,1
DA:469,1
DA:474,1
DA:476,1
DA:479,1
DA:480,1
DA:481,1
DA:482,1
DA:483,1
DA:484,1
DA:485,1
DA:507,1
DA:511,1
DA:513,1
DA:515,1
DA:516,2
DA:517,1
DA:520,1
DA:522,2
DA:523,1
DA:524,1
DA:525,4
DA:527,1
DA:528,1
DA:537,1
DA:538,4
DA:543,1
LF:198
LH:123
end_of_record
SF:lib\blocs\add_to_shelf_bloc.dart
DA:18,0
DA:20,0
DA:21,0
DA:22,0
DA:26,0
DA:27,0
DA:28,0
DA:30,0
DA:31,0
DA:35,0
DA:36,0
DA:37,0
LF:12
LH:0
end_of_record
SF:lib\persistence\daos\shelf_dao.dart
DA:8,3
DA:10,1
DA:11,1
DA:14,1
DA:16,0
DA:17,0
DA:20,0
DA:21,0
DA:24,0
DA:25,0
DA:28,0
DA:29,0
DA:32,0
DA:33,0
DA:36,0
DA:37,0
DA:38,0
DA:39,0
DA:40,0
DA:41,0
DA:43,0
DA:46,0
DA:47,0
DA:50,0
DA:51,0
DA:52,0
DA:53,0
DA:54,0
DA:58,0
DA:59,0
LF:30
LH:4
end_of_record
SF:lib\data\models\google_play_book_model_impl.dart
DA:14,2
DA:15,1
DA:17,1
DA:18,1
DA:21,1
DA:27,1
DA:29,4
DA:30,5
DA:31,7
DA:32,6
DA:33,4
DA:40,0
DA:43,0
DA:46,1
DA:48,3
DA:49,2
DA:52,0
DA:54,0
DA:57,0
DA:59,0
DA:62,0
DA:64,0
DA:67,1
DA:69,1
DA:70,1
DA:71,3
DA:72,4
DA:75,0
DA:77,0
DA:78,0
DA:79,0
DA:80,0
DA:83,0
DA:85,0
DA:88,0
DA:90,0
DA:93,0
DA:95,0
LF:38
LH:19
end_of_record
SF:lib\blocs\create_shelf_bloc.dart
DA:10,0
DA:11,0
DA:12,0
DA:14,0
DA:15,0
LF:5
LH:0
end_of_record
SF:lib\blocs\details_bloc.dart
DA:11,1
DA:12,2
DA:13,1
DA:16,0
DA:17,0
DA:18,0
LF:6
LH:3
end_of_record
SF:lib\blocs\home_bloc.dart
DA:15,1
DA:17,4
DA:18,3
DA:19,1
DA:20,8
DA:21,1
DA:22,0
DA:23,0
DA:24,0
DA:30,4
DA:31,1
DA:32,3
DA:33,1
DA:37,1
DA:38,1
DA:39,1
DA:43,0
DA:44,0
DA:45,0
LF:19
LH:13
end_of_record
SF:lib\data\data_vos\lists_vo.dart
DA:36,1
DA:47,2
DA:49,0
LF:3
LH:2
end_of_record
SF:lib\data\data_vos\lists_vo.g.dart
DA:9,2
DA:10,1
DA:11,1
DA:12,1
DA:13,1
DA:14,1
DA:15,1
DA:16,1
DA:17,1
DA:18,1
DA:19,3
DA:20,1
DA:23,0
DA:24,0
DA:25,0
DA:26,0
DA:27,0
DA:28,0
DA:29,0
DA:30,0
DA:31,0
DA:32,0
LF:22
LH:12
end_of_record
SF:lib\blocs\more_ebooks_details_bloc.dart
DA:18,0
DA:19,0
DA:20,0
DA:21,0
LF:4
LH:0
end_of_record
SF:lib\data\data_vos\more_list_results_vo.dart
DA:50,0
DA:65,0
DA:67,0
LF:3
LH:0
end_of_record
SF:lib\data\data_vos\more_list_results_vo.g.dart
DA:9,0
DA:10,0
DA:11,0
DA:12,0
DA:13,0
DA:14,0
DA:15,0
DA:16,0
DA:17,0
DA:18,0
DA:19,0
DA:20,0
DA:21,0
DA:22,0
DA:23,0
DA:24,0
DA:25,0
DA:26,0
DA:27,0
DA:28,0
DA:29,0
DA:32,0
DA:33,0
DA:34,0
DA:35,0
DA:36,0
DA:37,0
DA:38,0
DA:39,0
DA:40,0
DA:41,0
DA:42,0
DA:43,0
DA:44,0
DA:45,0
DA:46,0
LF:36
LH:0
end_of_record
SF:lib\blocs\search_bloc.dart
DA:19,0
DA:21,0
DA:22,0
DA:23,0
DA:28,0
DA:29,0
DA:30,0
DA:31,0
DA:32,0
DA:36,0
DA:37,0
DA:38,0
LF:12
LH:0
end_of_record
SF:lib\data\models\google_search_model_impl.dart
DA:9,0
DA:10,0
DA:12,0
DA:13,0
DA:16,0
DA:20,0
DA:22,0
DA:23,0
DA:24,0
DA:25,0
DA:26,0
DA:30,0
DA:31,0
DA:38,0
DA:48,0
DA:49,0
DA:52,0
LF:17
LH:0
end_of_record
SF:lib\blocs\your_books_bloc.dart
DA:19,0
DA:21,0
DA:22,0
DA:23,0
DA:24,0
DA:28,0
DA:29,0
DA:30,0
DA:31,0
DA:32,0
DA:36,0
DA:37,0
DA:38,0
DA:39,0
DA:40,0
DA:41,0
DA:42,0
DA:43,0
DA:49,0
DA:50,0
DA:51,0
DA:54,0
DA:55,0
DA:56,0
DA:59,0
DA:60,0
DA:61,0
LF:27
LH:0
end_of_record
SF:lib\custom_components\smart_list_view.dart
DA:12,0
DA:19,0
DA:21,0
DA:23,0
DA:29,0
DA:31,0
DA:32,0
DA:33,0
DA:34,0
DA:36,0
DA:37,0
DA:41,0
DA:44,0
DA:46,0
DA:47,0
DA:48,0
DA:50,0
DA:51,0
DA:53,0
LF:19
LH:0
end_of_record
SF:lib\data\data_vos\access_info_vo.dart
DA:40,0
DA:53,0
DA:55,0
LF:3
LH:0
end_of_record
SF:lib\data\data_vos\access_info_vo.g.dart
DA:9,0
DA:10,0
DA:11,0
DA:12,0
DA:13,0
DA:14,0
DA:15,0
DA:17,0
DA:18,0
DA:20,0
DA:21,0
DA:22,0
DA:23,0
DA:26,0
DA:27,0
DA:28,0
DA:29,0
DA:30,0
DA:31,0
DA:32,0
DA:33,0
DA:34,0
DA:35,0
DA:36,0
DA:37,0
LF:25
LH:0
end_of_record
SF:lib\data\data_vos\epub_vo.dart
DA:11,0
DA:14,0
DA:16,0
LF:3
LH:0
end_of_record
SF:lib\data\data_vos\epub_vo.g.dart
DA:9,0
DA:10,0
DA:13,0
DA:14,0
LF:4
LH:0
end_of_record
SF:lib\data\data_vos\pdf_vo.dart
DA:11,0
DA:14,0
DA:16,0
LF:3
LH:0
end_of_record
SF:lib\data\data_vos\pdf_vo.g.dart
DA:9,0
DA:10,0
DA:13,0
DA:14,0
LF:4
LH:0
end_of_record
SF:lib\data\data_vos\image_links_vo.dart
DA:14,0
DA:16,0
DA:18,0
LF:3
LH:0
end_of_record
SF:lib\data\data_vos\image_links_vo.g.dart
DA:9,0
DA:10,0
DA:11,0
DA:14,0
DA:15,0
DA:16,0
DA:17,0
LF:7
LH:0
end_of_record
SF:lib\data\data_vos\industry_identifiers_vo.dart
DA:14,0
DA:17,0
DA:19,0
LF:3
LH:0
end_of_record
SF:lib\data\data_vos\industry_identifiers_vo.g.dart
DA:9,0
DA:11,0
DA:12,0
DA:13,0
DA:16,0
DA:18,0
DA:19,0
DA:20,0
LF:8
LH:0
end_of_record
SF:lib\data\data_vos\isbns_vo.dart
DA:14,0
DA:16,0
DA:18,0
LF:3
LH:0
end_of_record
SF:lib\data\data_vos\isbns_vo.g.dart
DA:9,0
DA:10,0
DA:11,0
DA:14,0
DA:15,0
DA:16,0
LF:6
LH:0
end_of_record
SF:lib\data\data_vos\items_vo.dart
DA:36,0
DA:40,0
DA:42,0
LF:3
LH:0
end_of_record
SF:lib\data\data_vos\items_vo.g.dart
DA:9,0
DA:10,0
DA:11,0
DA:12,0
DA:13,0
DA:14,0
DA:16,0
DA:17,0
DA:19,0
DA:20,0
DA:22,0
DA:23,0
DA:25,0
DA:28,0
DA:29,0
DA:30,0
DA:31,0
DA:32,0
DA:33,0
DA:34,0
DA:35,0
DA:36,0
LF:22
LH:0
end_of_record
SF:lib\data\data_vos\sale_info_vo.dart
DA:17,0
DA:20,0
DA:22,0
LF:3
LH:0
end_of_record
SF:lib\data\data_vos\sale_info_vo.g.dart
DA:9,0
DA:10,0
DA:11,0
DA:12,0
DA:15,0
DA:16,0
DA:17,0
DA:18,0
DA:19,0
LF:9
LH:0
end_of_record
SF:lib\data\data_vos\search_info_vo.dart
DA:11,0
DA:14,0
DA:16,0
LF:3
LH:0
end_of_record
SF:lib\data\data_vos\search_info_vo.g.dart
DA:9,0
DA:10,0
DA:13,0
DA:14,0
DA:15,0
LF:5
LH:0
end_of_record
SF:lib\data\data_vos\volume_info_vo.dart
DA:70,0
DA:74,0
DA:76,0
LF:3
LH:0
end_of_record
SF:lib\data\data_vos\volume_info_vo.g.dart
DA:9,0
DA:10,0
DA:11,0
DA:12,0
DA:13,0
DA:14,0
DA:15,0
DA:16,0
DA:17,0
DA:19,0
DA:20,0
DA:22,0
DA:23,0
DA:24,0
DA:25,0
DA:26,0
DA:27,0
DA:28,0
DA:29,0
DA:30,0
DA:31,0
DA:32,0
DA:34,0
DA:35,0
DA:36,0
DA:38,0
DA:39,0
DA:40,0
DA:41,0
DA:42,0
DA:44,0
DA:45,0
DA:46,0
DA:47,0
DA:48,0
DA:49,0
DA:50,0
DA:51,0
DA:52,0
DA:53,0
DA:54,0
DA:55,0
DA:56,0
DA:57,0
DA:58,0
DA:59,0
DA:60,0
DA:61,0
DA:62,0
DA:63,0
DA:64,0
LF:51
LH:0
end_of_record
SF:lib\data\data_vos\reviews_vo.dart
DA:20,0
DA:23,0
DA:25,0
LF:3
LH:0
end_of_record
SF:lib\data\data_vos\reviews_vo.g.dart
DA:9,0
DA:10,0
DA:11,0
DA:12,0
DA:13,0
DA:16,0
DA:17,0
DA:18,0
DA:19,0
DA:20,0
LF:10
LH:0
end_of_record
SF:lib\data\data_vos\panelization_summary_vo.dart
DA:14,0
DA:17,0
DA:19,0
LF:3
LH:0
end_of_record
SF:lib\data\data_vos\panelization_summary_vo.g.dart
DA:9,0
DA:11,0
DA:12,0
DA:13,0
DA:16,0
DA:18,0
DA:19,0
DA:20,0
LF:8
LH:0
end_of_record
SF:lib\data\data_vos\reading_modes_vo.dart
DA:14,0
DA:17,0
DA:19,0
LF:3
LH:0
end_of_record
SF:lib\data\data_vos\reading_modes_vo.g.dart
DA:9,0
DA:10,0
DA:11,0
DA:12,0
DA:15,0
DA:16,0
DA:17,0
DA:18,0
LF:8
LH:0
end_of_record
SF:lib\data\data_vos\results_vo.dart
DA:27,1
DA:35,2
DA:37,0
LF:3
LH:2
end_of_record
SF:lib\data\data_vos\results_vo.g.dart
DA:9,2
DA:10,1
DA:11,1
DA:12,1
DA:13,1
DA:14,1
DA:15,1
DA:16,3
DA:17,1
DA:20,0
DA:21,0
DA:22,0
DA:23,0
DA:24,0
DA:25,0
DA:26,0
LF:16
LH:9
end_of_record
SF:lib\network\response\get_more_list_response.dart
DA:25,0
DA:28,0
DA:30,0
LF:3
LH:0
end_of_record
SF:lib\network\response\get_more_list_response.g.dart
DA:9,0
DA:10,0
DA:11,0
DA:12,0
DA:13,0
DA:14,0
DA:15,0
DA:16,0
DA:17,0
DA:20,0
DA:22,0
DA:23,0
DA:24,0
DA:25,0
DA:26,0
DA:27,0
LF:16
LH:0
end_of_record
SF:lib\network\response\get_overview_response.dart
DA:21,1
DA:24,2
DA:26,0
LF:3
LH:2
end_of_record
SF:lib\network\response\get_overview_response.g.dart
DA:9,1
DA:10,1
DA:11,1
DA:12,1
DA:13,1
DA:14,1
DA:16,2
DA:19,0
DA:21,0
DA:22,0
DA:23,0
DA:24,0
DA:25,0
LF:13
LH:7
end_of_record
SF:lib\persistence\daos\book_dao.dart
DA:6,3
DA:8,1
DA:9,1
DA:12,1
DA:14,1
DA:15,3
DA:18,1
DA:19,3
DA:22,1
DA:23,2
DA:26,1
DA:27,2
DA:30,1
DA:31,2
LF:14
LH:14
end_of_record
SF:lib\network\data_agent\google_play_book_data_agent_impl.dart
DA:10,2
DA:11,1
DA:13,1
DA:14,1
DA:17,1
DA:18,1
DA:19,2
DA:22,1
DA:24,2
DA:27,0
DA:29,0
LF:11
LH:9
end_of_record
SF:lib\network\response\get_google_search_response.dart
DA:18,0
DA:21,0
DA:23,0
LF:3
LH:0
end_of_record
SF:lib\network\response\get_google_search_response.g.dart
DA:9,0
DA:11,0
DA:12,0
DA:13,0
DA:14,0
DA:15,0
DA:16,0
DA:19,0
DA:21,0
DA:22,0
DA:23,0
DA:24,0
LF:12
LH:0
end_of_record
SF:lib\network\data_agent\google_search_data_agent_impl.dart
DA:11,0
DA:13,0
DA:14,0
DA:17,0
DA:18,0
DA:19,0
DA:21,0
DA:23,0
LF:8
LH:0
end_of_record
SF:lib\network\google_play_book_api.g.dart
DA:12,1
DA:16,1
DA:23,1
DA:26,1
DA:27,1
DA:28,1
DA:29,2
DA:30,2
DA:35,1
DA:36,2
DA:41,2
DA:42,2
DA:46,0
DA:53,0
DA:58,0
DA:59,0
DA:60,0
DA:61,0
DA:66,0
DA:67,0
DA:72,0
DA:73,0
DA:77,1
DA:78,1
DA:79,2
DA:80,2
DA:81,1
DA:82,0
DA:84,1
LF:29
LH:18
end_of_record
SF:lib\network\google_search_api.g.dart
DA:12,0
DA:16,0
DA:23,0
DA:26,0
DA:27,0
DA:28,0
DA:29,0
DA:30,0
DA:35,0
DA:36,0
DA:41,0
DA:42,0
DA:46,0
DA:47,0
DA:48,0
DA:49,0
DA:50,0
DA:51,0
DA:53,0
LF:19
LH:0
end_of_record
SF:lib\pages\about_book_details_page.dart
DA:9,1
DA:11,0
DA:13,0
DA:14,0
DA:15,0
DA:16,0
LF:6
LH:1
end_of_record
SF:lib\widgets\icon_view.dart
DA:3,14
DA:10,1
DA:12,5
LF:3
LH:3
end_of_record
SF:lib\widgets\text_view.dart
DA:6,13
DA:14,1
DA:23,1
DA:25,1
DA:26,2
DA:27,1
DA:28,4
LF:7
LH:7
end_of_record
SF:lib\pages\add_to_shelf_page.dart
DA:14,0
DA:15,0
DA:19,0
DA:20,0
DA:25,0
DA:27,0
DA:28,0
DA:29,0
DA:30,0
DA:31,0
DA:32,0
DA:33,0
DA:34,0
DA:36,0
DA:37,0
DA:38,0
DA:39,0
DA:40,0
DA:41,0
DA:42,0
DA:47,0
DA:48,0
DA:49,0
DA:51,0
DA:52,0
DA:54,0
DA:61,0
DA:62,0
DA:66,0
DA:68,0
DA:78,0
DA:79,0
DA:82,0
DA:83,0
DA:89,0
DA:91,0
DA:94,0
DA:95,0
DA:96,0
DA:102,0
DA:103,0
DA:111,0
DA:112,0
DA:113,0
DA:114,0
DA:115,0
DA:118,0
DA:140,0
DA:144,0
DA:146,0
DA:147,0
DA:148,0
DA:149,0
DA:157,0
DA:158,0
LF:55
LH:0
end_of_record
SF:lib\pages\book_details_page.dart
DA:21,2
DA:26,1
DA:31,1
DA:32,1
DA:38,1
DA:41,4
DA:42,1
DA:45,1
DA:47,1
DA:48,2
DA:49,1
DA:50,1
DA:52,1
DA:53,3
DA:57,1
DA:58,2
DA:59,1
DA:63,1
DA:65,1
DA:66,1
DA:67,1
DA:68,3
DA:69,2
DA:70,3
DA:71,3
DA:75,1
DA:76,2
DA:93,1
DA:95,1
DA:96,1
DA:97,1
DA:101,1
DA:103,1
DA:104,1
DA:151,1
DA:153,0
DA:154,2
DA:155,0
DA:156,0
DA:157,0
DA:158,0
DA:166,1
DA:168,0
DA:169,2
DA:170,0
DA:171,0
DA:172,0
DA:173,0
DA:203,1
DA:204,0
DA:205,2
DA:206,1
DA:208,0
DA:211,0
DA:213,1
DA:216,3
DA:236,1
DA:237,1
DA:239,1
DA:240,0
DA:248,1
DA:249,1
DA:251,1
DA:252,0
DA:253,1
DA:254,1
DA:255,1
DA:262,1
DA:263,3
DA:264,1
DA:278,0
DA:279,0
DA:280,0
DA:281,0
DA:288,0
DA:289,0
DA:290,0
DA:291,0
DA:296,0
DA:297,0
DA:299,0
DA:313,0
DA:315,0
DA:326,0
DA:328,0
DA:330,0
DA:332,0
DA:334,0
DA:336,0
DA:357,0
DA:358,0
DA:368,1
DA:369,1
DA:371,1
DA:385,1
DA:387,1
DA:392,1
DA:393,0
DA:403,0
DA:404,0
DA:405,0
DA:406,0
DA:413,1
DA:415,0
DA:417,1
DA:419,1
DA:421,1
DA:442,1
DA:444,0
DA:446,1
DA:460,1
DA:462,0
DA:464,1
DA:466,1
DA:468,1
DA:471,1
DA:472,1
DA:473,1
DA:486,1
DA:488,0
DA:490,1
DA:492,1
DA:494,1
DA:495,1
DA:497,1
DA:501,0
DA:508,1
DA:510,0
DA:512,1
DA:526,1
DA:528,0
DA:530,1
DA:544,1
DA:546,0
DA:548,1
DA:550,1
DA:551,1
DA:553,1
DA:554,1
DA:555,1
DA:556,1
DA:558,1
DA:563,1
DA:565,1
DA:580,1
DA:582,0
DA:584,1
DA:586,1
DA:588,1
DA:590,1
DA:591,1
DA:594,1
DA:596,1
DA:597,1
DA:606,1
DA:609,1
DA:611,1
DA:628,2
DA:633,1
DA:639,1
DA:641,1
DA:643,1
DA:644,1
DA:645,1
DA:647,1
DA:649,1
DA:650,1
DA:656,1
DA:658,1
DA:660,1
DA:661,1
DA:662,1
DA:665,1
DA:676,1
DA:677,0
DA:681,1
DA:683,1
DA:684,1
DA:685,1
DA:686,1
DA:701,1
DA:702,1
DA:705,1
DA:707,1
DA:709,1
DA:712,1
DA:713,1
DA:715,1
DA:716,1
DA:717,1
DA:718,1
DA:720,1
DA:731,1
DA:733,1
DA:740,1
DA:742,1
DA:747,1
DA:748,1
DA:749,1
DA:756,1
DA:758,1
DA:759,1
DA:760,1
DA:761,1
DA:766,1
DA:767,1
DA:768,1
DA:775,1
DA:777,1
DA:782,1
DA:784,1
DA:798,1
DA:806,1
DA:814,1
DA:816,1
DA:818,1
DA:819,1
DA:820,1
DA:821,1
DA:822,1
DA:827,1
DA:828,1
DA:829,1
DA:830,1
DA:831,1
DA:832,1
DA:841,1
DA:843,1
DA:848,1
DA:850,1
DA:851,1
DA:854,1
DA:855,1
DA:857,1
DA:858,1
DA:866,1
DA:873,1
DA:881,1
DA:883,1
DA:886,1
DA:889,1
DA:890,1
DA:891,1
DA:892,2
DA:895,1
DA:903,1
DA:905,1
DA:913,1
DA:914,1
DA:915,2
DA:916,1
DA:924,1
DA:926,1
DA:934,1
DA:936,1
DA:948,2
DA:953,1
DA:955,1
DA:956,1
DA:957,1
DA:958,3
DA:959,1
DA:960,1
LF:263
LH:212
end_of_record
SF:lib\pages\rating_details_page.dart
DA:10,1
DA:14,0
DA:16,0
DA:17,0
DA:21,0
DA:22,0
DA:23,0
DA:25,0
DA:27,0
DA:29,0
DA:30,0
DA:31,0
DA:33,0
DA:40,0
DA:41,0
DA:42,0
DA:43,0
DA:55,0
DA:57,0
DA:178,1
DA:180,0
DA:182,0
DA:190,1
DA:192,0
DA:194,0
LF:25
LH:3
end_of_record
SF:lib\widgets\divider_view.dart
DA:4,2
DA:6,0
DA:11,1
DA:13,1
DA:14,1
DA:15,1
LF:6
LH:5
end_of_record
SF:lib\widgets\rating_overview_with_progress_bar_indicator.dart
DA:9,2
DA:11,0
DA:13,1
DA:15,1
DA:17,1
DA:18,1
DA:19,1
DA:23,1
DA:25,1
DA:32,1
DA:38,1
DA:42,0
DA:57,1
DA:61,1
DA:62,1
DA:63,1
DA:75,1
DA:87,1
DA:99,1
DA:111,1
LF:20
LH:18
end_of_record
SF:lib\widgets\rating_view_by_users.dart
DA:8,2
DA:14,0
DA:21,1
DA:23,1
DA:25,1
DA:26,1
DA:27,1
DA:28,1
DA:29,1
DA:33,1
DA:34,1
DA:36,1
DA:37,1
DA:47,1
DA:51,1
DA:54,1
DA:55,1
DA:56,1
DA:63,1
DA:64,1
DA:65,1
DA:68,1
DA:72,0
DA:77,1
DA:78,1
DA:88,1
DA:89,1
DA:96,1
DA:97,1
DA:105,1
DA:108,1
DA:109,1
DA:110,1
DA:123,1
DA:126,1
DA:127,1
DA:128,1
LF:37
LH:35
end_of_record
SF:lib\pages\more_ebooks_pages.dart
DA:17,1
DA:21,0
DA:22,0
DA:26,0
DA:28,0
DA:29,0
DA:30,0
DA:31,0
DA:32,0
DA:33,0
DA:37,0
DA:38,0
DA:39,0
DA:42,0
DA:45,0
DA:49,0
DA:56,0
DA:57,0
DA:61,0
DA:65,0
DA:66,0
DA:82,1
DA:84,0
DA:86,0
DA:96,0
DA:100,0
DA:102,0
DA:103,0
LF:28
LH:2
end_of_record
SF:lib\pages\book_view.dart
DA:10,1
DA:35,1
DA:61,1
DA:63,1
DA:64,3
DA:65,1
DA:66,1
DA:67,1
DA:68,1
DA:69,1
DA:71,1
DA:72,1
DA:73,1
DA:74,1
DA:75,1
DA:80,1
DA:81,1
DA:82,1
DA:83,1
DA:85,1
DA:86,1
DA:87,1
DA:88,1
DA:91,1
DA:95,1
DA:96,1
DA:97,1
DA:100,1
DA:110,1
DA:111,1
DA:113,1
DA:114,0
DA:121,1
DA:122,1
DA:123,1
DA:124,1
DA:125,2
DA:126,1
DA:128,1
DA:130,1
DA:131,1
DA:133,1
DA:136,1
DA:137,1
DA:138,1
DA:139,1
DA:140,1
DA:141,1
DA:142,2
DA:143,1
DA:145,1
DA:147,1
DA:151,1
DA:163,1
DA:168,1
DA:174,1
DA:176,1
DA:178,1
DA:179,1
DA:181,1
DA:182,1
DA:183,1
DA:184,1
LF:63
LH:62
end_of_record
SF:lib\widgets\default_app_bar_view.dart
DA:7,1
DA:8,1
DA:12,1
DA:14,1
DA:15,0
DA:16,1
DA:18,1
DA:19,1
DA:20,1
DA:21,1
DA:23,1
DA:24,1
DA:25,1
DA:27,1
DA:29,1
DA:37,1
DA:38,4
DA:48,1
DA:52,1
DA:53,1
DA:55,1
LF:21
LH:20
end_of_record
SF:lib\pages\library_page.dart
DA:22,2
DA:24,0
DA:25,0
DA:32,0
DA:34,0
DA:35,0
DA:38,0
DA:40,0
DA:41,0
DA:42,0
DA:43,0
DA:44,0
DA:46,0
DA:47,0
DA:48,0
DA:49,0
DA:54,0
DA:55,0
DA:56,0
DA:57,0
DA:61,0
DA:62,0
DA:66,0
DA:72,0
DA:73,0
DA:74,0
DA:75,0
DA:76,0
DA:77,0
DA:78,0
DA:79,0
DA:81,0
DA:82,0
DA:83,0
DA:84,0
DA:85,0
DA:86,0
DA:87,0
DA:88,0
DA:89,0
DA:90,0
DA:91,0
DA:92,0
DA:93,0
DA:94,0
DA:95,0
DA:96,0
DA:98,0
DA:99,0
DA:100,0
DA:101,0
DA:102,0
DA:103,0
DA:105,0
DA:106,0
DA:112,0
DA:113,0
DA:117,0
DA:119,0
DA:120,0
DA:122,0
DA:123,0
DA:130,0
DA:131,0
DA:138,0
DA:139,0
DA:140,0
DA:141,0
DA:142,0
DA:146,0
DA:147,0
DA:148,0
DA:149,0
DA:150,0
DA:165,0
DA:166,0
DA:167,0
DA:168,0
DA:169,0
DA:171,0
DA:172,0
DA:184,0
DA:185,0
DA:186,0
DA:187,0
DA:192,0
DA:194,0
DA:196,0
DA:197,0
DA:198,0
DA:199,0
DA:200,0
DA:201,0
DA:202,0
DA:205,0
DA:207,0
DA:208,0
DA:211,0
DA:213,0
DA:214,0
DA:216,0
DA:227,0
DA:228,0
DA:229,0
DA:233,0
DA:234,0
DA:235,0
DA:238,0
DA:240,0
DA:247,0
DA:248,0
DA:249,0
DA:253,0
DA:254,0
DA:255,0
DA:258,0
DA:260,0
DA:267,0
DA:268,0
DA:269,0
DA:273,0
DA:274,0
DA:275,0
DA:278,0
DA:280,0
DA:299,0
DA:304,0
DA:310,0
DA:312,0
DA:314,0
DA:315,0
DA:316,0
DA:317,0
DA:321,0
DA:322,0
DA:323,0
DA:324,0
DA:337,0
DA:344,0
DA:352,0
DA:354,0
DA:356,0
DA:359,0
DA:360,0
DA:364,0
DA:367,0
DA:369,0
DA:370,0
DA:371,0
DA:372,0
DA:373,0
DA:376,0
DA:377,0
DA:378,0
DA:380,0
DA:381,0
DA:382,0
DA:394,0
DA:396,0
DA:398,0
DA:403,0
DA:404,0
DA:406,0
DA:407,0
DA:408,0
DA:422,0
DA:424,0
DA:429,0
DA:431,0
DA:432,0
DA:433,0
DA:434,0
DA:435,0
DA:436,0
DA:438,0
DA:439,0
DA:443,0
DA:444,0
DA:457,0
DA:461,0
DA:465,0
DA:467,0
DA:468,0
DA:469,0
DA:474,0
DA:493,1
DA:495,0
DA:497,0
DA:499,0
DA:501,0
DA:502,0
DA:505,0
DA:507,0
DA:516,0
DA:517,0
DA:544,0
DA:548,0
DA:550,0
DA:557,0
DA:559,0
DA:563,0
DA:564,0
DA:568,0
DA:578,0
DA:579,0
DA:582,0
DA:583,0
DA:592,0
DA:595,0
DA:596,0
DA:598,0
DA:599,0
DA:602,0
DA:608,0
DA:609,0
DA:610,0
DA:633,2
DA:635,0
DA:637,0
DA:639,0
DA:640,0
DA:648,0
DA:650,0
DA:659,0
DA:663,0
DA:668,0
DA:670,0
DA:672,0
DA:674,0
DA:675,0
DA:677,0
DA:680,0
DA:681,0
DA:683,0
DA:686,0
DA:687,0
DA:688,0
DA:689,0
DA:690,0
DA:691,0
DA:694,0
DA:698,0
DA:699,0
DA:701,0
DA:702,0
DA:707,0
DA:709,0
DA:710,0
DA:713,0
DA:714,0
DA:715,0
DA:718,0
DA:726,0
DA:727,0
DA:728,0
DA:736,0
DA:738,0
DA:751,0
DA:752,0
DA:753,0
DA:754,0
DA:767,0
DA:770,0
DA:774,0
DA:776,0
DA:777,0
DA:788,0
DA:792,0
DA:797,0
DA:799,0
DA:801,0
DA:804,0
DA:807,0
DA:819,0
DA:821,0
DA:822,0
DA:824,0
DA:825,0
DA:826,0
DA:827,0
DA:828,0
DA:835,0
DA:836,0
DA:837,0
DA:838,0
DA:839,0
DA:846,0
DA:847,0
DA:851,0
DA:853,0
DA:855,0
DA:858,0
DA:861,0
DA:870,0
DA:871,0
DA:872,0
DA:873,0
DA:874,0
DA:875,0
DA:876,0
DA:877,0
DA:878,0
DA:888,0
DA:890,0
DA:892,0
DA:894,0
DA:896,0
DA:899,0
DA:901,0
DA:912,0
DA:914,0
DA:916,0
DA:918,0
DA:920,0
DA:924,0
DA:925,0
DA:927,0
LF:317
LH:3
end_of_record
SF:lib\pages\create_shelf_page.dart
DA:15,1
DA:18,0
DA:20,0
DA:21,0
DA:22,0
DA:23,0
DA:25,0
DA:36,0
DA:37,0
DA:41,0
DA:43,0
DA:48,0
DA:50,0
DA:51,0
DA:52,0
DA:53,0
DA:54,0
DA:56,0
DA:60,0
LF:19
LH:1
end_of_record
SF:lib\pages\more_audiobooks_page.dart
DA:10,1
DA:12,0
DA:14,0
DA:15,0
DA:17,0
DA:18,0
DA:29,0
DA:31,0
DA:36,0
DA:37,0
DA:44,0
DA:45,0
DA:46,0
DA:47,0
LF:14
LH:1
end_of_record
SF:lib\pages\search_page.dart
DA:20,2
DA:22,0
DA:23,0
DA:30,0
DA:31,0
DA:32,0
DA:33,0
DA:36,0
DA:38,0
DA:39,0
DA:40,0
DA:41,0
DA:42,0
DA:43,0
DA:44,0
DA:45,0
DA:46,0
DA:47,0
DA:48,0
DA:49,0
DA:50,0
DA:51,0
DA:54,0
DA:55,0
DA:56,0
DA:58,0
DA:60,0
DA:61,0
DA:62,0
DA:64,0
DA:65,0
DA:66,0
DA:67,0
DA:68,0
DA:69,0
DA:70,0
DA:74,0
DA:76,0
DA:78,0
DA:79,0
DA:80,0
DA:84,0
DA:85,0
DA:87,0
DA:88,0
DA:95,0
DA:97,0
DA:101,0
DA:102,0
DA:105,0
DA:107,0
DA:108,0
DA:140,0
DA:146,0
DA:153,0
DA:154,0
DA:158,0
DA:160,0
DA:167,0
DA:169,0
DA:173,0
DA:174,0
DA:180,0
DA:182,0
DA:184,0
DA:186,0
DA:187,0
DA:189,0
DA:192,0
DA:201,0
DA:202,0
LF:71
LH:1
end_of_record
SF:lib\widgets\modal_bottom_sheet_for_menu.dart
DA:7,0
DA:8,0
DA:10,0
DA:13,0
DA:15,0
DA:16,0
DA:17,0
DA:19,0
DA:22,0
DA:23,0
DA:26,0
DA:33,0
DA:35,0
DA:38,0
DA:39,0
DA:41,0
DA:47,0
DA:48,0
DA:49,0
DA:50,0
DA:56,0
DA:58,0
DA:102,0
DA:103,0
LF:24
LH:0
end_of_record
SF:lib\widgets\your_books_view.dart
DA:6,0
DA:19,0
DA:33,0
DA:35,0
DA:37,0
DA:38,0
DA:39,0
DA:40,0
DA:41,0
DA:42,0
DA:43,0
DA:44,0
DA:45,0
DA:51,0
DA:52,0
DA:53,0
DA:54,0
DA:59,0
DA:60,0
DA:61,0
DA:62,0
DA:64,0
DA:65,0
DA:66,0
DA:67,0
DA:68,0
DA:69,0
LF:27
LH:0
end_of_record
SF:lib\widgets\your_shelves_vew.dart
DA:8,0
DA:10,0
DA:15,0
DA:17,0
DA:18,0
DA:19,0
DA:20,0
DA:21,0
DA:22,0
DA:23,0
DA:29,0
DA:31,0
DA:32,0
LF:13
LH:0
end_of_record
SF:lib\pages\shelf_details.dart
DA:18,0
DA:21,0
DA:22,0
DA:56,0
DA:58,0
DA:59,0
DA:61,0
DA:64,0
DA:66,0
DA:68,0
DA:71,0
DA:72,0
DA:73,0
DA:74,0
DA:81,0
DA:82,0
DA:84,0
DA:87,0
DA:89,0
DA:91,0
DA:92,0
DA:93,0
DA:102,0
DA:103,0
DA:104,0
DA:105,0
DA:107,0
DA:114,0
DA:115,0
DA:116,0
DA:117,0
DA:135,0
DA:137,0
DA:139,0
DA:143,0
DA:144,0
DA:146,0
DA:147,0
DA:149,0
DA:150,0
DA:159,0
DA:161,0
DA:162,0
DA:171,0
DA:172,0
DA:173,0
DA:174,0
DA:175,0
DA:183,0
DA:185,0
DA:188,0
DA:189,0
DA:193,0
DA:196,0
DA:198,0
DA:199,0
DA:200,0
DA:201,0
DA:202,0
DA:205,0
DA:206,0
DA:208,0
DA:209,0
DA:210,0
DA:211,0
DA:212,0
DA:216,0
DA:218,0
DA:219,0
DA:220,0
DA:232,0
DA:234,0
DA:235,0
DA:241,0
DA:242,0
DA:244,0
DA:245,0
DA:249,0
DA:250,0
DA:251,0
DA:252,0
DA:253,0
DA:267,0
DA:269,0
DA:270,0
DA:271,0
DA:272,0
DA:273,0
DA:279,0
DA:280,0
DA:281,0
DA:284,0
DA:285,0
DA:297,0
DA:298,0
DA:299,0
DA:300,0
DA:302,0
DA:303,0
DA:304,0
DA:306,0
DA:307,0
DA:308,0
DA:316,0
DA:317,0
DA:318,0
DA:319,0
DA:324,0
DA:326,0
DA:328,0
DA:331,0
DA:333,0
DA:334,0
DA:337,0
DA:339,0
DA:340,0
DA:342,0
DA:353,0
DA:354,0
DA:355,0
DA:358,0
DA:359,0
DA:360,0
DA:361,0
DA:363,0
DA:366,0
DA:368,0
DA:375,0
DA:376,0
DA:377,0
DA:380,0
DA:381,0
DA:382,0
DA:383,0
DA:385,0
DA:388,0
DA:390,0
DA:397,0
DA:398,0
DA:399,0
DA:404,0
DA:405,0
DA:406,0
DA:407,0
DA:409,0
DA:412,0
DA:414,0
DA:431,0
DA:435,0
DA:437,0
DA:440,0
DA:442,0
DA:446,0
DA:447,0
LF:154
LH:0
end_of_record
SF:lib\widgets\menu_option_view.dart
DA:6,2
DA:8,0
DA:13,0
DA:15,0
DA:16,0
DA:17,0
DA:18,0
DA:25,0
DA:26,0
DA:27,0
LF:10
LH:1
end_of_record
